<?xml version="1.0" encoding="UTF-8"?>
<!-- Generated by org.testng.reporters.JUnitXMLReporter -->
<testsuite ignored="0" hostname="Sarahi_Lab" failures="0" tests="3" name="Default test" time="8.236" errors="0" timestamp="2025-06-07T12:19:01 CST">
  <testcase classname="Tests.FillFormTests" name="FillFormSteps" time="0.117"/>
  <testcase classname="Tests.FillFormTests" name="FillFormSteps" time="0.193"/>
  <testcase classname="Tests.FillFormTests" name="FillFormSteps" time="0.039"/>
</testsuite> <!-- Default test -->
