<?xml version="1.0" encoding="UTF-8"?>
<testng-results ignored="0" total="4" passed="4" failed="0" skipped="0">
  <reporter-output>
  </reporter-output>
  <suite started-at="2025-05-26T15:15:53 CST" name="Surefire suite" finished-at="2025-05-26T15:16:23 CST" duration-ms="29444">
    <groups>
      <group name="cucumber">
        <method signature="AbstractTestNGCucumberTests.runScenario(io.cucumber.testng.PickleWrapper,io.cucumber.testng.FeatureWrapper)[pri:0, instance:Runners.TestNGRunner@68999068]" name="runScenario" class="io.cucumber.testng.AbstractTestNGCucumberTests"/>
      </group> <!-- cucumber -->
    </groups>
    <test started-at="2025-05-26T15:15:53 CST" name="Surefire test" finished-at="2025-05-26T15:16:23 CST" duration-ms="29444">
      <class name="Tests.FillFormTests">
        <test-method is-config="true" signature="SetUpTest()[pri:0, instance:Tests.FillFormTests@4f6ee6e4]" started-at="2025-05-26T15:15:53 CST" name="SetUpTest" finished-at="2025-05-26T15:15:59 CST" duration-ms="5633" status="PASS">
          <reporter-output>
          </reporter-output>
        </test-method> <!-- SetUpTest -->
        <test-method signature="FillFormSteps(Models.FillFormListModel$Users,Models.FillFormListModel)[pri:0, instance:Tests.FillFormTests@4f6ee6e4]" started-at="2025-05-26T15:16:00 CST" name="FillFormSteps" data-provider="FillFormData" finished-at="2025-05-26T15:16:00 CST" duration-ms="39" status="PASS">
          <params>
            <param index="0">
              <value>
                <![CDATA[Miguel]]>
              </value>
            </param>
            <param index="1">
              <value>
                <![CDATA[Models.FillFormListModel@56681eaf]]>
              </value>
            </param>
          </params>
          <reporter-output>
          </reporter-output>
        </test-method> <!-- FillFormSteps -->
        <test-method signature="FillFormSteps(Models.FillFormListModel$Users,Models.FillFormListModel)[pri:0, instance:Tests.FillFormTests@4f6ee6e4]" started-at="2025-05-26T15:16:00 CST" name="FillFormSteps" data-provider="FillFormData" finished-at="2025-05-26T15:16:00 CST" duration-ms="21" status="PASS">
          <params>
            <param index="0">
              <value>
                <![CDATA[Billy]]>
              </value>
            </param>
            <param index="1">
              <value>
                <![CDATA[Models.FillFormListModel@7026b7ee]]>
              </value>
            </param>
          </params>
          <reporter-output>
          </reporter-output>
        </test-method> <!-- FillFormSteps -->
        <test-method signature="FillFormSteps(Models.FillFormListModel$Users,Models.FillFormListModel)[pri:0, instance:Tests.FillFormTests@4f6ee6e4]" started-at="2025-05-26T15:16:00 CST" name="FillFormSteps" data-provider="FillFormData" finished-at="2025-05-26T15:16:00 CST" duration-ms="16" status="PASS">
          <params>
            <param index="0">
              <value>
                <![CDATA[Juan]]>
              </value>
            </param>
            <param index="1">
              <value>
                <![CDATA[Models.FillFormListModel@514cd540]]>
              </value>
            </param>
          </params>
          <reporter-output>
          </reporter-output>
        </test-method> <!-- FillFormSteps -->
        <test-method is-config="true" signature="TearDownTest()[pri:0, instance:Tests.FillFormTests@4f6ee6e4]" started-at="2025-05-26T15:16:21 CST" name="TearDownTest" finished-at="2025-05-26T15:16:22 CST" duration-ms="277" status="PASS">
          <reporter-output>
          </reporter-output>
        </test-method> <!-- TearDownTest -->
      </class> <!-- Tests.FillFormTests -->
      <class name="Runners.TestNGRunner">
        <test-method is-config="true" signature="setUpClass(org.testng.ITestContext)[pri:0, instance:Runners.TestNGRunner@68999068]" started-at="2025-05-26T15:16:00 CST" name="setUpClass" finished-at="2025-05-26T15:16:00 CST" duration-ms="226" status="FAIL">
          <params>
            <param index="0">
              <value>
                <![CDATA[org.testng.TestRunner@23940f86]]>
              </value>
            </param>
          </params>
          <exception class="java.lang.IllegalArgumentException">
            <message>
              <![CDATA[path must exist: C:\Users\Ana.Ruiz\eclipse-workspace\Art01\src\test\resources\features]]>
            </message>
            <full-stacktrace>
              <![CDATA[java.lang.IllegalArgumentException: path must exist: C:\Users\Ana.Ruiz\eclipse-workspace\Art01\src\test\resources\features
at io.cucumber.core.resource.PathScanner.findResourcesForPath(PathScanner.java:49)
at io.cucumber.core.resource.PathScanner.findResourcesForUri(PathScanner.java:31)
at io.cucumber.core.resource.ResourceScanner.findResourcesForUri(ResourceScanner.java:61)
at io.cucumber.core.resource.ResourceScanner.scanForResourcesUri(ResourceScanner.java:134)
at io.cucumber.core.runtime.FeaturePathFeatureSupplier.loadFeatures(FeaturePathFeatureSupplier.java:62)
at io.cucumber.core.runtime.FeaturePathFeatureSupplier.get(FeaturePathFeatureSupplier.java:45)
at io.cucumber.testng.TestNGCucumberRunner.<init>(TestNGCucumberRunner.java:122)
at io.cucumber.testng.AbstractTestNGCucumberTests.setUpClass(AbstractTestNGCucumberTests.java:27)
at java.base/jdk.internal.reflect.DirectMethodHandleAccessor.invoke(DirectMethodHandleAccessor.java:103)
at java.base/java.lang.reflect.Method.invoke(Method.java:580)
at org.testng.internal.invokers.MethodInvocationHelper.invokeMethod(MethodInvocationHelper.java:141)
at org.testng.internal.invokers.MethodInvocationHelper.invokeMethodConsideringTimeout(MethodInvocationHelper.java:71)
at org.testng.internal.invokers.ConfigInvoker.invokeConfigurationMethod(ConfigInvoker.java:400)
at org.testng.internal.invokers.ConfigInvoker.invokeConfigurations(ConfigInvoker.java:333)
at org.testng.internal.invokers.TestMethodWorker.invokeBeforeClassMethods(TestMethodWorker.java:188)
at org.testng.internal.invokers.TestMethodWorker.run(TestMethodWorker.java:128)
at java.base/java.util.ArrayList.forEach(ArrayList.java:1596)
at org.testng.TestRunner.privateRun(TestRunner.java:739)
at org.testng.TestRunner.run(TestRunner.java:614)
at org.testng.SuiteRunner.runTest(SuiteRunner.java:421)
at org.testng.SuiteRunner.runSequentially(SuiteRunner.java:413)
at org.testng.SuiteRunner.privateRun(SuiteRunner.java:373)
at org.testng.SuiteRunner.run(SuiteRunner.java:312)
at org.testng.SuiteRunnerWorker.runSuite(SuiteRunnerWorker.java:52)
at org.testng.SuiteRunnerWorker.run(SuiteRunnerWorker.java:95)
at org.testng.TestNG.runSuitesSequentially(TestNG.java:1274)
at org.testng.TestNG.runSuitesLocally(TestNG.java:1208)
at org.testng.TestNG.runSuites(TestNG.java:1112)
at org.testng.TestNG.run(TestNG.java:1079)
at org.apache.maven.surefire.testng.TestNGExecutor.run(TestNGExecutor.java:155)
at org.apache.maven.surefire.testng.TestNGDirectoryTestSuite.executeMulti(TestNGDirectoryTestSuite.java:169)
at org.apache.maven.surefire.testng.TestNGDirectoryTestSuite.execute(TestNGDirectoryTestSuite.java:88)
at org.apache.maven.surefire.testng.TestNGProvider.invoke(TestNGProvider.java:137)
at org.apache.maven.surefire.booter.ForkedBooter.runSuitesInProcess(ForkedBooter.java:385)
at org.apache.maven.surefire.booter.ForkedBooter.execute(ForkedBooter.java:162)
at org.apache.maven.surefire.booter.ForkedBooter.run(ForkedBooter.java:507)
at org.apache.maven.surefire.booter.ForkedBooter.main(ForkedBooter.java:495)
]]>
            </full-stacktrace>
          </exception> <!-- java.lang.IllegalArgumentException -->
          <reporter-output>
          </reporter-output>
        </test-method> <!-- setUpClass -->
        <test-method is-config="true" signature="tearDownClass()[pri:0, instance:Runners.TestNGRunner@68999068]" started-at="2025-05-26T15:16:00 CST" name="tearDownClass" finished-at="2025-05-26T15:16:00 CST" duration-ms="1" status="PASS">
          <reporter-output>
          </reporter-output>
        </test-method> <!-- tearDownClass -->
      </class> <!-- Runners.TestNGRunner -->
      <class name="Tests.RadioButtonTests">
        <test-method is-config="true" signature="SetUpTest()[pri:0, instance:Tests.RadioButtonTests@4466af20]" started-at="2025-05-26T15:15:59 CST" name="SetUpTest" finished-at="2025-05-26T15:16:00 CST" duration-ms="1053" status="PASS">
          <reporter-output>
          </reporter-output>
        </test-method> <!-- SetUpTest -->
        <test-method signature="FillRadioButton()[pri:0, instance:Tests.RadioButtonTests@4466af20]" started-at="2025-05-26T15:16:00 CST" name="FillRadioButton" finished-at="2025-05-26T15:16:21 CST" duration-ms="21066" status="PASS">
          <reporter-output>
          </reporter-output>
        </test-method> <!-- FillRadioButton -->
        <test-method is-config="true" signature="TearDownTest()[pri:0, instance:Tests.RadioButtonTests@4466af20]" started-at="2025-05-26T15:16:22 CST" name="TearDownTest" finished-at="2025-05-26T15:16:23 CST" duration-ms="1078" status="PASS">
          <reporter-output>
          </reporter-output>
        </test-method> <!-- TearDownTest -->
      </class> <!-- Tests.RadioButtonTests -->
    </test> <!-- Surefire test -->
  </suite> <!-- Surefire suite -->
</testng-results>
