<?xml version="1.0" encoding="UTF-8"?>
<testng-results ignored="0" total="3" passed="3" failed="0" skipped="0">
  <reporter-output>
  </reporter-output>
  <suite started-at="2025-06-07T12:18:53 CST" name="Default suite" finished-at="2025-06-07T12:19:01 CST" duration-ms="8236">
    <groups>
    </groups>
    <test started-at="2025-06-07T12:18:53 CST" name="Default test" finished-at="2025-06-07T12:19:01 CST" duration-ms="8236">
      <class name="Tests.FillFormTests">
        <test-method is-config="true" signature="SetUpTest()[pri:0, instance:Tests.FillFormTests@7c9d8e2]" started-at="2025-06-07T12:18:53 CST" name="SetUpTest" finished-at="2025-06-07T12:19:00 CST" duration-ms="7392" status="PASS">
          <reporter-output>
          </reporter-output>
        </test-method> <!-- SetUpTest -->
        <test-method signature="FillFormSteps(Models.FillFormListModel$Users,Models.FillFormListModel)[pri:0, instance:Tests.FillFormTests@7c9d8e2]" started-at="2025-06-07T12:19:00 CST" name="FillFormSteps" data-provider="FillFormData" finished-at="2025-06-07T12:19:00 CST" duration-ms="117" status="PASS">
          <params>
            <param index="0">
              <value>
                <![CDATA[Miguel]]>
              </value>
            </param>
            <param index="1">
              <value>
                <![CDATA[Models.FillFormListModel@264c5d07]]>
              </value>
            </param>
          </params>
          <reporter-output>
          </reporter-output>
        </test-method> <!-- FillFormSteps -->
        <test-method signature="FillFormSteps(Models.FillFormListModel$Users,Models.FillFormListModel)[pri:0, instance:Tests.FillFormTests@7c9d8e2]" started-at="2025-06-07T12:19:00 CST" name="FillFormSteps" data-provider="FillFormData" finished-at="2025-06-07T12:19:01 CST" duration-ms="193" status="PASS">
          <params>
            <param index="0">
              <value>
                <![CDATA[Billy]]>
              </value>
            </param>
            <param index="1">
              <value>
                <![CDATA[Models.FillFormListModel@5f84abe8]]>
              </value>
            </param>
          </params>
          <reporter-output>
          </reporter-output>
        </test-method> <!-- FillFormSteps -->
        <test-method signature="FillFormSteps(Models.FillFormListModel$Users,Models.FillFormListModel)[pri:0, instance:Tests.FillFormTests@7c9d8e2]" started-at="2025-06-07T12:19:01 CST" name="FillFormSteps" data-provider="FillFormData" finished-at="2025-06-07T12:19:01 CST" duration-ms="39" status="PASS">
          <params>
            <param index="0">
              <value>
                <![CDATA[Juan]]>
              </value>
            </param>
            <param index="1">
              <value>
                <![CDATA[Models.FillFormListModel@6ef81f31]]>
              </value>
            </param>
          </params>
          <reporter-output>
          </reporter-output>
        </test-method> <!-- FillFormSteps -->
        <test-method is-config="true" signature="TearDownTest()[pri:0, instance:Tests.FillFormTests@7c9d8e2]" started-at="2025-06-07T12:19:01 CST" name="TearDownTest" finished-at="2025-06-07T12:19:01 CST" duration-ms="353" status="PASS">
          <reporter-output>
          </reporter-output>
        </test-method> <!-- TearDownTest -->
      </class> <!-- Tests.FillFormTests -->
    </test> <!-- Default test -->
  </suite> <!-- Default suite -->
</testng-results>
